# JRE version: OpenJDK Runtime Environment (23.0+37) (build 23+37-2369)
# Java VM: OpenJDK 64-Bit Server VM (23+37-2369, mixed mode, sharing, tiered, compressed oops, compressed class ptrs, g1 gc, windows-amd64)
GC Precious Log:
 CardTable entry size: 512
 Card Set container configuration: InlinePtr #cards 5 size 8 Array Of Cards #cards 10 size 36 Howl #buckets 4 coarsen threshold 1843 Howl Bitmap #cards 512 size 80 coarsen threshold 460 Card regions per heap region 1 cards per card region 2048
 CPUs: 4 total, 4 available
 Memory: 8076M
 Large Page Support: Disabled
 NUMA Support: Disabled
 Compressed Oops: Enabled (32-bit)
 Heap Region Size: 1M
 Heap Min Capacity: 8M
 Heap Initial Capacity: 128M
 Heap Max Capacity: 2020M
 Pre-touch: Disabled
 Parallel Workers: 4
 Concurrent Workers: 1
 Concurrent Refinement Workers: 4
 Periodic GC: Disabled
Heap:
 garbage-first heap   total reserved 2068480K, committed 51200K, used 42922K [0x0000000081c00000, 0x0000000100000000)
  region size 1024K, 15 young (15360K), 2 survivors (2048K)
 Metaspace       used 67238K, committed 67904K, reserved 1114112K
  class space    used 9558K, committed 9856K, reserved 1048576K
GC Heap History (20 events):
Event: 14.685 GC heap before
{Heap before GC invocations=11 (full 0):
 garbage-first heap   total reserved 2068480K, committed 45056K, used 37297K [0x0000000081c00000, 0x0000000100000000)
  region size 1024K, 19 young (19456K), 3 survivors (3072K)
 Metaspace       used 39323K, committed 39936K, reserved 1114112K
  class space    used 5337K, committed 5632K, reserved 1048576K
}
Event: 14.696 GC heap after
{Heap after GC invocations=12 (full 0):
 garbage-first heap   total reserved 2068480K, committed 45056K, used 21965K [0x0000000081c00000, 0x0000000100000000)
  region size 1024K, 2 young (2048K), 2 survivors (2048K)
 Metaspace       used 39323K, committed 39936K, reserved 1114112K
  class space    used 5337K, committed 5632K, reserved 1048576K
}
Event: 16.343 GC heap before
{Heap before GC invocations=12 (full 0):
 garbage-first heap   total reserved 2068480K, committed 45056K, used 38349K [0x0000000081c00000, 0x0000000100000000)
  region size 1024K, 19 young (19456K), 2 survivors (2048K)
 Metaspace       used 44015K, committed 44608K, reserved 1114112K
  class space    used 6006K, committed 6272K, reserved 1048576K
}
Event: 16.354 GC heap after
{Heap after GC invocations=13 (full 0):
 garbage-first heap   total reserved 2068480K, committed 45056K, used 22811K [0x0000000081c00000, 0x0000000100000000)
  region size 1024K, 3 young (3072K), 3 survivors (3072K)
 Metaspace       used 44015K, committed 44608K, reserved 1114112K
  class space    used 6006K, committed 6272K, reserved 1048576K
}
Event: 17.503 GC heap before
{Heap before GC invocations=13 (full 0):
 garbage-first heap   total reserved 2068480K, committed 45056K, used 37147K [0x0000000081c00000, 0x0000000100000000)
  region size 1024K, 17 young (17408K), 3 survivors (3072K)
 Metaspace       used 47031K, committed 47616K, reserved 1114112K
  class space    used 6455K, committed 6720K, reserved 1048576K
}
Event: 17.513 GC heap after
{Heap after GC invocations=14 (full 0):
 garbage-first heap   total reserved 2068480K, committed 45056K, used 23469K [0x0000000081c00000, 0x0000000100000000)
  region size 1024K, 2 young (2048K), 2 survivors (2048K)
 Metaspace       used 47031K, committed 47616K, reserved 1114112K
  class space    used 6455K, committed 6720K, reserved 1048576K
}
Event: 19.093 GC heap before
{Heap before GC invocations=15 (full 0):
 garbage-first heap   total reserved 2068480K, committed 45056K, used 37805K [0x0000000081c00000, 0x0000000100000000)
  region size 1024K, 17 young (17408K), 2 survivors (2048K)
 Metaspace       used 52096K, committed 52672K, reserved 1114112K
  class space    used 7186K, committed 7424K, reserved 1048576K
}
Event: 19.102 GC heap after
{Heap after GC invocations=16 (full 0):
 garbage-first heap   total reserved 2068480K, committed 45056K, used 24321K [0x0000000081c00000, 0x0000000100000000)
  region size 1024K, 2 young (2048K), 2 survivors (2048K)
 Metaspace       used 52096K, committed 52672K, reserved 1114112K
  class space    used 7186K, committed 7424K, reserved 1048576K
}
Event: 20.160 GC heap before
{Heap before GC invocations=16 (full 0):
 garbage-first heap   total reserved 2068480K, committed 45056K, used 37633K [0x0000000081c00000, 0x0000000100000000)
  region size 1024K, 16 young (16384K), 2 survivors (2048K)
 Metaspace       used 55225K, committed 55808K, reserved 1114112K
  class space    used 7758K, committed 8000K, reserved 1048576K
}
Event: 20.170 GC heap after
{Heap after GC invocations=17 (full 0):
 garbage-first heap   total reserved 2068480K, committed 45056K, used 24968K [0x0000000081c00000, 0x0000000100000000)
  region size 1024K, 2 young (2048K), 2 survivors (2048K)
 Metaspace       used 55225K, committed 55808K, reserved 1114112K
  class space    used 7758K, committed 8000K, reserved 1048576K
}
Event: 21.253 GC heap before
{Heap before GC invocations=17 (full 0):
 garbage-first heap   total reserved 2068480K, committed 45056K, used 39304K [0x0000000081c00000, 0x0000000100000000)
  region size 1024K, 16 young (16384K), 2 survivors (2048K)
 Metaspace       used 58134K, committed 58816K, reserved 1114112K
  class space    used 8159K, committed 8448K, reserved 1048576K
}
Event: 21.262 GC heap after
{Heap after GC invocations=18 (full 0):
 garbage-first heap   total reserved 2068480K, committed 45056K, used 26152K [0x0000000081c00000, 0x0000000100000000)
  region size 1024K, 2 young (2048K), 2 survivors (2048K)
 Metaspace       used 58134K, committed 58816K, reserved 1114112K
  class space    used 8159K, committed 8448K, reserved 1048576K
}
Event: 22.100 GC heap before
{Heap before GC invocations=19 (full 0):
 garbage-first heap   total reserved 2068480K, committed 45056K, used 39464K [0x0000000081c00000, 0x0000000100000000)
  region size 1024K, 15 young (15360K), 2 survivors (2048K)
 Metaspace       used 60723K, committed 61312K, reserved 1114112K
  class space    used 8558K, committed 8832K, reserved 1048576K
}
Event: 22.111 GC heap after
{Heap after GC invocations=20 (full 0):
 garbage-first heap   total reserved 2068480K, committed 45056K, used 27290K [0x0000000081c00000, 0x0000000100000000)
  region size 1024K, 2 young (2048K), 2 survivors (2048K)
 Metaspace       used 60723K, committed 61312K, reserved 1114112K
  class space    used 8558K, committed 8832K, reserved 1048576K
}
Event: 22.965 GC heap before
{Heap before GC invocations=20 (full 0):
 garbage-first heap   total reserved 2068480K, committed 45056K, used 37530K [0x0000000081c00000, 0x0000000100000000)
  region size 1024K, 13 young (13312K), 2 survivors (2048K)
 Metaspace       used 62338K, committed 62976K, reserved 1114112K
  class space    used 8813K, committed 9088K, reserved 1048576K
}
Event: 22.976 GC heap after
{Heap after GC invocations=21 (full 0):
 garbage-first heap   total reserved 2068480K, committed 45056K, used 27938K [0x0000000081c00000, 0x0000000100000000)
  region size 1024K, 2 young (2048K), 2 survivors (2048K)
 Metaspace       used 62338K, committed 62976K, reserved 1114112K
  class space    used 8813K, committed 9088K, reserved 1048576K
}
Event: 24.120 GC heap before
{Heap before GC invocations=21 (full 0):
 garbage-first heap   total reserved 2068480K, committed 45056K, used 38178K [0x0000000081c00000, 0x0000000100000000)
  region size 1024K, 13 young (13312K), 2 survivors (2048K)
 Metaspace       used 64082K, committed 64832K, reserved 1114112K
  class space    used 9058K, committed 9408K, reserved 1048576K
}
Event: 24.132 GC heap after
{Heap after GC invocations=22 (full 0):
 garbage-first heap   total reserved 2068480K, committed 45056K, used 29356K [0x0000000081c00000, 0x0000000100000000)
  region size 1024K, 2 young (2048K), 2 survivors (2048K)
 Metaspace       used 64082K, committed 64832K, reserved 1114112K
  class space    used 9058K, committed 9408K, reserved 1048576K
}
Event: 24.743 GC heap before
{Heap before GC invocations=23 (full 0):
 garbage-first heap   total reserved 2068480K, committed 51200K, used 38572K [0x0000000081c00000, 0x0000000100000000)
  region size 1024K, 11 young (11264K), 2 survivors (2048K)
 Metaspace       used 65137K, committed 65856K, reserved 1114112K
  class space    used 9225K, committed 9536K, reserved 1048576K
}
Event: 24.754 GC heap after
{Heap after GC invocations=24 (full 0):
 garbage-first heap   total reserved 2068480K, committed 51200K, used 30634K [0x0000000081c00000, 0x0000000100000000)
  region size 1024K, 2 young (2048K), 2 survivors (2048K)
 Metaspace       used 65137K, committed 65856K, reserved 1114112K
  class space    used 9225K, committed 9536K, reserved 1048576K
}

