# JRE version: OpenJDK Runtime Environment (23.0+37) (build 23+37-2369)
# Java VM: OpenJDK 64-Bit Server VM (23+37-2369, mixed mode, sharing, tiered, compressed oops, compressed class ptrs, g1 gc, windows-amd64)
GC Precious Log:
 CardTable entry size: 512
 Card Set container configuration: InlinePtr #cards 5 size 8 Array Of Cards #cards 10 size 36 Howl #buckets 4 coarsen threshold 1843 Howl Bitmap #cards 512 size 80 coarsen threshold 460 Card regions per heap region 1 cards per card region 2048
 CPUs: 4 total, 4 available
 Memory: 8076M
 Large Page Support: Disabled
 NUMA Support: Disabled
 Compressed Oops: Enabled (32-bit)
 Heap Region Size: 1M
 Heap Min Capacity: 8M
 Heap Initial Capacity: 128M
 Heap Max Capacity: 2020M
 Pre-touch: Disabled
 Parallel Workers: 4
 Concurrent Workers: 1
 Concurrent Refinement Workers: 4
 Periodic GC: Disabled
Heap:
 garbage-first heap   total reserved 2068480K, committed 54272K, used 42907K [0x0000000081c00000, 0x0000000100000000)
  region size 1024K, 17 young (17408K), 3 survivors (3072K)
 Metaspace       used 64708K, committed 65408K, reserved 1114112K
  class space    used 9268K, committed 9600K, reserved 1048576K
GC Heap History (20 events):
Event: 8.242 GC heap before
{Heap before GC invocations=6 (full 0):
 garbage-first heap   total reserved 2068480K, committed 45056K, used 33006K [0x0000000081c00000, 0x0000000100000000)
  region size 1024K, 20 young (20480K), 3 survivors (3072K)
 Metaspace       used 26415K, committed 26816K, reserved 1114112K
  class space    used 3456K, committed 3648K, reserved 1048576K
}
Event: 8.253 GC heap after
{Heap after GC invocations=7 (full 0):
 garbage-first heap   total reserved 2068480K, committed 45056K, used 16846K [0x0000000081c00000, 0x0000000100000000)
  region size 1024K, 2 young (2048K), 2 survivors (2048K)
 Metaspace       used 26415K, committed 26816K, reserved 1114112K
  class space    used 3456K, committed 3648K, reserved 1048576K
}
Event: 9.425 GC heap before
{Heap before GC invocations=7 (full 0):
 garbage-first heap   total reserved 2068480K, committed 45056K, used 34254K [0x0000000081c00000, 0x0000000100000000)
  region size 1024K, 19 young (19456K), 2 survivors (2048K)
 Metaspace       used 29115K, committed 29568K, reserved 1114112K
  class space    used 3844K, committed 4032K, reserved 1048576K
}
Event: 9.434 GC heap after
{Heap after GC invocations=8 (full 0):
 garbage-first heap   total reserved 2068480K, committed 45056K, used 17949K [0x0000000081c00000, 0x0000000100000000)
  region size 1024K, 3 young (3072K), 3 survivors (3072K)
 Metaspace       used 29115K, committed 29568K, reserved 1114112K
  class space    used 3844K, committed 4032K, reserved 1048576K
}
Event: 10.299 GC heap before
{Heap before GC invocations=8 (full 0):
 garbage-first heap   total reserved 2068480K, committed 45056K, used 35357K [0x0000000081c00000, 0x0000000100000000)
  region size 1024K, 20 young (20480K), 3 survivors (3072K)
 Metaspace       used 32158K, committed 32576K, reserved 1114112K
  class space    used 4296K, committed 4480K, reserved 1048576K
}
Event: 10.313 GC heap after
{Heap after GC invocations=9 (full 0):
 garbage-first heap   total reserved 2068480K, committed 45056K, used 19664K [0x0000000081c00000, 0x0000000100000000)
  region size 1024K, 3 young (3072K), 3 survivors (3072K)
 Metaspace       used 32158K, committed 32576K, reserved 1114112K
  class space    used 4296K, committed 4480K, reserved 1048576K
}
Event: 11.056 GC heap before
{Heap before GC invocations=9 (full 0):
 garbage-first heap   total reserved 2068480K, committed 45056K, used 32976K [0x0000000081c00000, 0x0000000100000000)
  region size 1024K, 17 young (17408K), 3 survivors (3072K)
 Metaspace       used 35617K, committed 36096K, reserved 1114112K
  class space    used 4836K, committed 5056K, reserved 1048576K
}
Event: 11.067 GC heap after
{Heap after GC invocations=10 (full 0):
 garbage-first heap   total reserved 2068480K, committed 54272K, used 20394K [0x0000000081c00000, 0x0000000100000000)
  region size 1024K, 1 young (1024K), 1 survivors (1024K)
 Metaspace       used 35617K, committed 36096K, reserved 1114112K
  class space    used 4836K, committed 5056K, reserved 1048576K
}
Event: 12.915 GC heap before
{Heap before GC invocations=11 (full 0):
 garbage-first heap   total reserved 2068480K, committed 54272K, used 44970K [0x0000000081c00000, 0x0000000100000000)
  region size 1024K, 25 young (25600K), 1 survivors (1024K)
 Metaspace       used 42096K, committed 42624K, reserved 1114112K
  class space    used 5810K, committed 6016K, reserved 1048576K
}
Event: 12.926 GC heap after
{Heap after GC invocations=12 (full 0):
 garbage-first heap   total reserved 2068480K, committed 54272K, used 22093K [0x0000000081c00000, 0x0000000100000000)
  region size 1024K, 3 young (3072K), 3 survivors (3072K)
 Metaspace       used 42096K, committed 42624K, reserved 1114112K
  class space    used 5810K, committed 6016K, reserved 1048576K
}
Event: 13.872 GC heap before
{Heap before GC invocations=12 (full 0):
 garbage-first heap   total reserved 2068480K, committed 54272K, used 44621K [0x0000000081c00000, 0x0000000100000000)
  region size 1024K, 26 young (26624K), 3 survivors (3072K)
 Metaspace       used 48235K, committed 48768K, reserved 1114112K
  class space    used 6735K, committed 6976K, reserved 1048576K
}
Event: 13.884 GC heap after
{Heap after GC invocations=13 (full 0):
 garbage-first heap   total reserved 2068480K, committed 54272K, used 23179K [0x0000000081c00000, 0x0000000100000000)
  region size 1024K, 3 young (3072K), 3 survivors (3072K)
 Metaspace       used 48235K, committed 48768K, reserved 1114112K
  class space    used 6735K, committed 6976K, reserved 1048576K
}
Event: 15.096 GC heap before
{Heap before GC invocations=13 (full 0):
 garbage-first heap   total reserved 2068480K, committed 54272K, used 45707K [0x0000000081c00000, 0x0000000100000000)
  region size 1024K, 26 young (26624K), 3 survivors (3072K)
 Metaspace       used 54255K, committed 54784K, reserved 1114112K
  class space    used 7700K, committed 7936K, reserved 1048576K
}
Event: 15.106 GC heap after
{Heap after GC invocations=14 (full 0):
 garbage-first heap   total reserved 2068480K, committed 54272K, used 24148K [0x0000000081c00000, 0x0000000100000000)
  region size 1024K, 3 young (3072K), 3 survivors (3072K)
 Metaspace       used 54255K, committed 54784K, reserved 1114112K
  class space    used 7700K, committed 7936K, reserved 1048576K
}
Event: 16.207 GC heap before
{Heap before GC invocations=14 (full 0):
 garbage-first heap   total reserved 2068480K, committed 54272K, used 45652K [0x0000000081c00000, 0x0000000100000000)
  region size 1024K, 24 young (24576K), 3 survivors (3072K)
 Metaspace       used 58434K, committed 59008K, reserved 1114112K
  class space    used 8252K, committed 8512K, reserved 1048576K
}
Event: 16.218 GC heap after
{Heap after GC invocations=15 (full 0):
 garbage-first heap   total reserved 2068480K, committed 54272K, used 25976K [0x0000000081c00000, 0x0000000100000000)
  region size 1024K, 3 young (3072K), 3 survivors (3072K)
 Metaspace       used 58434K, committed 59008K, reserved 1114112K
  class space    used 8252K, committed 8512K, reserved 1048576K
}
Event: 16.598 GC heap before
{Heap before GC invocations=15 (full 0):
 garbage-first heap   total reserved 2068480K, committed 54272K, used 37240K [0x0000000081c00000, 0x0000000100000000)
  region size 1024K, 15 young (15360K), 3 survivors (3072K)
 Metaspace       used 60024K, committed 60608K, reserved 1114112K
  class space    used 8509K, committed 8768K, reserved 1048576K
}
Event: 16.610 GC heap after
{Heap after GC invocations=16 (full 0):
 garbage-first heap   total reserved 2068480K, committed 54272K, used 27344K [0x0000000081c00000, 0x0000000100000000)
  region size 1024K, 2 young (2048K), 2 survivors (2048K)
 Metaspace       used 60024K, committed 60608K, reserved 1114112K
  class space    used 8509K, committed 8768K, reserved 1048576K
}
Event: 17.324 GC heap before
{Heap before GC invocations=17 (full 0):
 garbage-first heap   total reserved 2068480K, committed 54272K, used 46800K [0x0000000081c00000, 0x0000000100000000)
  region size 1024K, 21 young (21504K), 2 survivors (2048K)
 Metaspace       used 62345K, committed 62976K, reserved 1114112K
  class space    used 8899K, committed 9152K, reserved 1048576K
}
Event: 17.333 GC heap after
{Heap after GC invocations=18 (full 0):
 garbage-first heap   total reserved 2068480K, committed 54272K, used 29595K [0x0000000081c00000, 0x0000000100000000)
  region size 1024K, 3 young (3072K), 3 survivors (3072K)
 Metaspace       used 62345K, committed 62976K, reserved 1114112K
  class space    used 8899K, committed 9152K, reserved 1048576K
}

