# JRE version: OpenJDK Runtime Environment (23.0+37) (build 23+37-2369)
# Java VM: OpenJDK 64-Bit Server VM (23+37-2369, mixed mode, sharing, tiered, compressed oops, compressed class ptrs, g1 gc, windows-amd64)
GC Precious Log:
 CardTable entry size: 512
 Card Set container configuration: InlinePtr #cards 5 size 8 Array Of Cards #cards 10 size 36 Howl #buckets 4 coarsen threshold 1843 Howl Bitmap #cards 512 size 80 coarsen threshold 460 Card regions per heap region 1 cards per card region 2048
 CPUs: 4 total, 4 available
 Memory: 8076M
 Large Page Support: Disabled
 NUMA Support: Disabled
 Compressed Oops: Enabled (32-bit)
 Heap Region Size: 1M
 Heap Min Capacity: 8M
 Heap Initial Capacity: 128M
 Heap Max Capacity: 2020M
 Pre-touch: Disabled
 Parallel Workers: 4
 Concurrent Workers: 1
 Concurrent Refinement Workers: 4
 Periodic GC: Disabled
Heap:
 garbage-first heap   total reserved 2068480K, committed 54272K, used 43283K [0x0000000081c00000, 0x0000000100000000)
  region size 1024K, 16 young (16384K), 2 survivors (2048K)
 Metaspace       used 67570K, committed 68224K, reserved 1114112K
  class space    used 9599K, committed 9856K, reserved 1048576K
GC Heap History (20 events):
Event: 10.011 GC heap before
{Heap before GC invocations=7 (full 0):
 garbage-first heap   total reserved 2068480K, committed 45056K, used 34031K [0x0000000081c00000, 0x0000000100000000)
  region size 1024K, 20 young (20480K), 3 survivors (3072K)
 Metaspace       used 30293K, committed 30656K, reserved 1114112K
  class space    used 3935K, committed 4096K, reserved 1048576K
}
Event: 10.022 GC heap after
{Heap after GC invocations=8 (full 0):
 garbage-first heap   total reserved 2068480K, committed 54272K, used 17959K [0x0000000081c00000, 0x0000000100000000)
  region size 1024K, 2 young (2048K), 2 survivors (2048K)
 Metaspace       used 30293K, committed 30656K, reserved 1114112K
  class space    used 3935K, committed 4096K, reserved 1048576K
}
Event: 11.851 GC heap before
{Heap before GC invocations=8 (full 0):
 garbage-first heap   total reserved 2068480K, committed 54272K, used 42535K [0x0000000081c00000, 0x0000000100000000)
  region size 1024K, 26 young (26624K), 2 survivors (2048K)
 Metaspace       used 33851K, committed 34432K, reserved 1114112K
  class space    used 4485K, committed 4736K, reserved 1048576K
}
Event: 11.862 GC heap after
{Heap after GC invocations=9 (full 0):
 garbage-first heap   total reserved 2068480K, committed 54272K, used 20102K [0x0000000081c00000, 0x0000000100000000)
  region size 1024K, 4 young (4096K), 4 survivors (4096K)
 Metaspace       used 33851K, committed 34432K, reserved 1114112K
  class space    used 4485K, committed 4736K, reserved 1048576K
}
Event: 12.396 GC heap before
{Heap before GC invocations=9 (full 0):
 garbage-first heap   total reserved 2068480K, committed 54272K, used 26246K [0x0000000081c00000, 0x0000000100000000)
  region size 1024K, 11 young (11264K), 4 survivors (4096K)
 Metaspace       used 35481K, committed 35968K, reserved 1114112K
  class space    used 4706K, committed 4928K, reserved 1048576K
}
Event: 12.410 GC heap after
{Heap after GC invocations=10 (full 0):
 garbage-first heap   total reserved 2068480K, committed 54272K, used 20423K [0x0000000081c00000, 0x0000000100000000)
  region size 1024K, 1 young (1024K), 1 survivors (1024K)
 Metaspace       used 35481K, committed 35968K, reserved 1114112K
  class space    used 4706K, committed 4928K, reserved 1048576K
}
Event: 14.268 GC heap before
{Heap before GC invocations=11 (full 0):
 garbage-first heap   total reserved 2068480K, committed 54272K, used 42951K [0x0000000081c00000, 0x0000000100000000)
  region size 1024K, 24 young (24576K), 1 survivors (1024K)
 Metaspace       used 40902K, committed 41408K, reserved 1114112K
  class space    used 5623K, committed 5824K, reserved 1048576K
}
Event: 14.275 GC heap after
{Heap after GC invocations=12 (full 0):
 garbage-first heap   total reserved 2068480K, committed 54272K, used 21597K [0x0000000081c00000, 0x0000000100000000)
  region size 1024K, 2 young (2048K), 2 survivors (2048K)
 Metaspace       used 40902K, committed 41408K, reserved 1114112K
  class space    used 5623K, committed 5824K, reserved 1048576K
}
Event: 16.507 GC heap before
{Heap before GC invocations=12 (full 0):
 garbage-first heap   total reserved 2068480K, committed 54272K, used 45149K [0x0000000081c00000, 0x0000000100000000)
  region size 1024K, 25 young (25600K), 2 survivors (2048K)
 Metaspace       used 46953K, committed 47616K, reserved 1114112K
  class space    used 6435K, committed 6720K, reserved 1048576K
}
Event: 16.517 GC heap after
{Heap after GC invocations=13 (full 0):
 garbage-first heap   total reserved 2068480K, committed 54272K, used 22934K [0x0000000081c00000, 0x0000000100000000)
  region size 1024K, 3 young (3072K), 3 survivors (3072K)
 Metaspace       used 46953K, committed 47616K, reserved 1114112K
  class space    used 6435K, committed 6720K, reserved 1048576K
}
Event: 18.499 GC heap before
{Heap before GC invocations=13 (full 0):
 garbage-first heap   total reserved 2068480K, committed 54272K, used 46486K [0x0000000081c00000, 0x0000000100000000)
  region size 1024K, 26 young (26624K), 3 survivors (3072K)
 Metaspace       used 53777K, committed 54400K, reserved 1114112K
  class space    used 7485K, committed 7744K, reserved 1048576K
}
Event: 18.512 GC heap after
{Heap after GC invocations=14 (full 0):
 garbage-first heap   total reserved 2068480K, committed 54272K, used 24432K [0x0000000081c00000, 0x0000000100000000)
  region size 1024K, 3 young (3072K), 3 survivors (3072K)
 Metaspace       used 53777K, committed 54400K, reserved 1114112K
  class space    used 7485K, committed 7744K, reserved 1048576K
}
Event: 19.674 GC heap before
{Heap before GC invocations=14 (full 0):
 garbage-first heap   total reserved 2068480K, committed 54272K, used 45936K [0x0000000081c00000, 0x0000000100000000)
  region size 1024K, 25 young (25600K), 3 survivors (3072K)
 Metaspace       used 58450K, committed 59136K, reserved 1114112K
  class space    used 8186K, committed 8512K, reserved 1048576K
}
Event: 19.686 GC heap after
{Heap after GC invocations=15 (full 0):
 garbage-first heap   total reserved 2068480K, committed 54272K, used 25908K [0x0000000081c00000, 0x0000000100000000)
  region size 1024K, 3 young (3072K), 3 survivors (3072K)
 Metaspace       used 58450K, committed 59136K, reserved 1114112K
  class space    used 8186K, committed 8512K, reserved 1048576K
}
Event: 19.899 GC heap before
{Heap before GC invocations=15 (full 0):
 garbage-first heap   total reserved 2068480K, committed 54272K, used 27956K [0x0000000081c00000, 0x0000000100000000)
  region size 1024K, 7 young (7168K), 3 survivors (3072K)
 Metaspace       used 59497K, committed 60096K, reserved 1114112K
  class space    used 8292K, committed 8576K, reserved 1048576K
}
Event: 19.907 GC heap after
{Heap after GC invocations=16 (full 0):
 garbage-first heap   total reserved 2068480K, committed 54272K, used 26121K [0x0000000081c00000, 0x0000000100000000)
  region size 1024K, 2 young (2048K), 2 survivors (2048K)
 Metaspace       used 59497K, committed 60096K, reserved 1114112K
  class space    used 8292K, committed 8576K, reserved 1048576K
}
Event: 21.210 GC heap before
{Heap before GC invocations=17 (full 0):
 garbage-first heap   total reserved 2068480K, committed 54272K, used 47625K [0x0000000081c00000, 0x0000000100000000)
  region size 1024K, 23 young (23552K), 2 survivors (2048K)
 Metaspace       used 62700K, committed 63360K, reserved 1114112K
  class space    used 8868K, committed 9152K, reserved 1048576K
}
Event: 21.223 GC heap after
{Heap after GC invocations=18 (full 0):
 garbage-first heap   total reserved 2068480K, committed 54272K, used 28142K [0x0000000081c00000, 0x0000000100000000)
  region size 1024K, 3 young (3072K), 3 survivors (3072K)
 Metaspace       used 62700K, committed 63360K, reserved 1114112K
  class space    used 8868K, committed 9152K, reserved 1048576K
}
Event: 22.141 GC heap before
{Heap before GC invocations=18 (full 0):
 garbage-first heap   total reserved 2068480K, committed 54272K, used 45550K [0x0000000081c00000, 0x0000000100000000)
  region size 1024K, 20 young (20480K), 3 survivors (3072K)
 Metaspace       used 65110K, committed 65792K, reserved 1114112K
  class space    used 9214K, committed 9536K, reserved 1048576K
}
Event: 22.157 GC heap after
{Heap after GC invocations=19 (full 0):
 garbage-first heap   total reserved 2068480K, committed 54272K, used 29971K [0x0000000081c00000, 0x0000000100000000)
  region size 1024K, 2 young (2048K), 2 survivors (2048K)
 Metaspace       used 65110K, committed 65792K, reserved 1114112K
  class space    used 9214K, committed 9536K, reserved 1048576K
}

